Arguments: 
  C:\Program Files\nodejs\node.exe C:\Users\varun\AppData\Roaming\npm\node_modules\yarn\bin\yarn.js add bcrypt.js

PATH: 
  C:\Python312\Scripts\;C:\Python312\;C:\Program Files\Java\jdk-17.0.2\bin;C:\Users\varun\Desktop\Temenos Eclipse\apache-maven-3.8.5\bin;C:\Program Files\Common Files\Oracle\Java\javapath;C:\Program Files\Python37\Scripts\;C:\Program Files\Python37\;C:\WINDOWS\system32;C:\WINDOWS;C:\WINDOWS\System32\Wbem;C:\WINDOWS\System32\WindowsPowerShell\v1.0\;C:\WINDOWS\System32\OpenSSH\;C:\Program Files (x86)\Intel\Intel(R) Management Engine Components\DAL;C:\Program Files\Intel\Intel(R) Management Engine Components\DAL;C:\MinGW\bin;C:\TDM-GCC-32\bin;C:\Program Files\CodeBlocks\MinGW\bin;C:\Users\varun\AppData\Roaming\Python\Python37\Scripts;C:\Users\varun\Desktop\Temenos Eclipse\SpringBoot CLI\bin;C:\xampp\php;C:\Program Files\Git\cmd;C:\ProgramData\ComposerSetup\bin;C:\Program Files\nodejs\;C:\ProgramData\chocolatey\bin;C:\Users\varun\AppData\Local\Programs\Python\Python38\Scripts\;C:\Users\varun\AppData\Local\Programs\Python\Python38\;C:\Users\varun\AppData\Local\Microsoft\WindowsApps;C:\Users\varun\AppData\Local\Programs\Python\Python38;C:\Users\varun\AppData\Local\Programs\Python\Python38\Scripts;C:\Program Files\JetBrains\IntelliJ IDEA Community Edition 2020.3.1\bin;;C:\Users\varun\AppData\Local\Programs\Microsoft VS Code\bin;C:\Users\varun\Downloads\php-8.1.7\php-8.1.7;C:\Users\varun\AppData\Roaming\Composer\vendor\bin;C:\Users\varun\AppData\Roaming\npm

Yarn version: 
  1.22.19

Node version: 
  20.10.0

Platform: 
  win32 x64

Trace: 
  Error: https://registry.npmjs.org/bcrypt.js: Not found
      at params.callback [as _callback] (C:\Users\varun\AppData\Roaming\npm\node_modules\yarn\lib\cli.js:66145:18)
      at self.callback (C:\Users\varun\AppData\Roaming\npm\node_modules\yarn\lib\cli.js:140890:22)
      at Request.emit (node:events:514:28)
      at Request.<anonymous> (C:\Users\varun\AppData\Roaming\npm\node_modules\yarn\lib\cli.js:141862:10)
      at Request.emit (node:events:514:28)
      at IncomingMessage.<anonymous> (C:\Users\varun\AppData\Roaming\npm\node_modules\yarn\lib\cli.js:141784:12)
      at Object.onceWrapper (node:events:628:28)
      at IncomingMessage.emit (node:events:526:35)
      at endReadableNT (node:internal/streams/readable:1589:12)
      at process.processTicksAndRejections (node:internal/process/task_queues:82:21)

npm manifest: 
  No manifest

yarn manifest: 
  No manifest

Lockfile: 
  No lockfile
